[2025-02-07 20:13:24] [Client thread/INFO] [aT] 
[2025-02-07 20:13:24] [Client thread/INFO] [aT] ******************************************************************************************
[2025-02-07 20:13:24] [Client thread/INFO] [aT] 
[2025-02-07 20:13:24] [Client thread/INFO] [aT] WorldEdit CUI Forge Edition 3 version 3.0.9 for Minecraft 1.12.2
[2025-02-07 20:13:24] [Client thread/INFO] [aT] Built with forge 14.23.5.2838
[2025-02-07 20:13:24] [Client thread/INFO] [aT] 
[2025-02-07 20:13:24] [Client thread/INFO] [aT] Environment :
[2025-02-07 20:13:24] [Client thread/INFO] [aT] 		 OS :Windows 10 (amd64) 
[2025-02-07 20:13:24] [Client thread/INFO] [aT] 		 Java: 1.8.0_432
[2025-02-07 20:13:24] [Client thread/INFO] [aT] 		 Language :CN_zh
[2025-02-07 20:13:24] [Client thread/INFO] [aT] 
[2025-02-07 20:13:24] [Client thread/INFO] [aT] ******************************************************************************************
[2025-02-07 20:13:24] [Client thread/INFO] [aT] 
[2025-02-07 20:13:24] [Client thread/INFO] [a] WorldEdit CUI Forge Edition 3 is loading ...
[2025-02-07 20:28:52] [Client thread/INFO] [aT] 
[2025-02-07 20:28:52] [Client thread/INFO] [aT] ******************************************************************************************
[2025-02-07 20:28:52] [Client thread/INFO] [aT] 
[2025-02-07 20:28:52] [Client thread/INFO] [aT] WorldEdit CUI Forge Edition 3 version 3.0.9 for Minecraft 1.12.2
[2025-02-07 20:28:52] [Client thread/INFO] [aT] Built with forge 14.23.5.2838
[2025-02-07 20:28:52] [Client thread/INFO] [aT] 
[2025-02-07 20:28:52] [Client thread/INFO] [aT] Environment :
[2025-02-07 20:28:52] [Client thread/INFO] [aT] 		 OS :Windows 10 (amd64) 
[2025-02-07 20:28:52] [Client thread/INFO] [aT] 		 Java: 1.8.0_432
[2025-02-07 20:28:52] [Client thread/INFO] [aT] 		 Language :CN_zh
[2025-02-07 20:28:52] [Client thread/INFO] [aT] 
[2025-02-07 20:28:52] [Client thread/INFO] [aT] ******************************************************************************************
[2025-02-07 20:28:52] [Client thread/INFO] [aT] 
[2025-02-07 20:28:52] [Client thread/INFO] [a] WorldEdit CUI Forge Edition 3 is loading ...
[2025-02-07 20:30:12] [Client thread/INFO] [aT] 
[2025-02-07 20:30:12] [Client thread/INFO] [aT] ******************************************************************************************
[2025-02-07 20:30:12] [Client thread/INFO] [aT] 
[2025-02-07 20:30:12] [Client thread/INFO] [aT] WorldEdit CUI Forge Edition 3 version 3.0.9 for Minecraft 1.12.2
[2025-02-07 20:30:12] [Client thread/INFO] [aT] Built with forge 14.23.5.2838
[2025-02-07 20:30:12] [Client thread/INFO] [aT] 
[2025-02-07 20:30:12] [Client thread/INFO] [aT] Environment :
[2025-02-07 20:30:12] [Client thread/INFO] [aT] 		 OS :Windows 10 (amd64) 
[2025-02-07 20:30:12] [Client thread/INFO] [aT] 		 Java: 1.8.0_432
[2025-02-07 20:30:12] [Client thread/INFO] [aT] 		 Language :CN_zh
[2025-02-07 20:30:12] [Client thread/INFO] [aT] 
[2025-02-07 20:30:12] [Client thread/INFO] [aT] ******************************************************************************************
[2025-02-07 20:30:12] [Client thread/INFO] [aT] 
[2025-02-07 20:30:12] [Client thread/INFO] [a] WorldEdit CUI Forge Edition 3 is loading ...
