[2025-02-07 20:30:05] [main INFO] [CSL DEBUG] REGISTERING TRANSFORMER customskinloader.forge.transformer.FakeInterfacesTransformer$MinecraftTransformer
[2025-02-07 20:30:05] [main INFO] [CSL DEBUG] REGISTERING CLASS net.minecraft.client.Minecraft
[2025-02-07 20:30:05] [main INFO] [CSL DEBUG] REGISTERING TRANSFORMER customskinloader.forge.transformer.FakeInterfacesTransformer$ThreadDownloadImageDataTransformer
[2025-02-07 20:30:05] [main INFO] [CSL DEBUG] REGISTERING CLASS net.minecraft.client.renderer.ThreadDownloadImageData
[2025-02-07 20:30:05] [main INFO] [CSL DEBUG] REGISTERING TRANSFORMER customskinloader.forge.transformer.FakeInterfacesTransformer$AbstractTextureTransformer
[2025-02-07 20:30:05] [main INFO] [CSL DEBUG] REGISTERING CLASS net.minecraft.client.renderer.texture.AbstractTexture
[2025-02-07 20:30:05] [main INFO] [CSL DEBUG] REGISTERING TRANSFORMER customskinloader.forge.transformer.FakeInterfacesTransformer$TextureTransformer
[2025-02-07 20:30:05] [main INFO] [CSL DEBUG] REGISTERING CLASS net.minecraft.client.renderer.texture.Texture
[2025-02-07 20:30:05] [main INFO] [CSL DEBUG] REGISTERING TRANSFORMER customskinloader.forge.transformer.FakeInterfacesTransformer$TextureManagerTransformer
[2025-02-07 20:30:05] [main INFO] [CSL DEBUG] REGISTERING CLASS net.minecraft.client.renderer.texture.TextureManager
[2025-02-07 20:30:05] [main INFO] [CSL DEBUG] REGISTERING TRANSFORMER customskinloader.forge.transformer.FakeInterfacesTransformer$ClientIResourceTransformer
[2025-02-07 20:30:05] [main INFO] [CSL DEBUG] REGISTERING CLASS net.minecraft.client.resources.IResource
[2025-02-07 20:30:05] [main INFO] [CSL DEBUG] REGISTERING TRANSFORMER customskinloader.forge.transformer.FakeInterfacesTransformer$ClientIResourceManagerTransformer
[2025-02-07 20:30:05] [main INFO] [CSL DEBUG] REGISTERING CLASS net.minecraft.client.resources.IResourceManager
[2025-02-07 20:30:05] [main INFO] [CSL DEBUG] REGISTERING TRANSFORMER customskinloader.forge.transformer.FakeInterfacesTransformer$IResourceTransformer
[2025-02-07 20:30:05] [main INFO] [CSL DEBUG] REGISTERING CLASS net.minecraft.resources.IResource
[2025-02-07 20:30:05] [main INFO] [CSL DEBUG] REGISTERING TRANSFORMER customskinloader.forge.transformer.FakeInterfacesTransformer$IResourceManagerTransformer
[2025-02-07 20:30:05] [main INFO] [CSL DEBUG] REGISTERING CLASS net.minecraft.resources.IResourceManager
[2025-02-07 20:30:05] [main INFO] [CSL DEBUG] REGISTERING TRANSFORMER customskinloader.forge.transformer.SkinManagerTransformer$InitTransformer
[2025-02-07 20:30:05] [main INFO] [CSL DEBUG] REGISTERING SRG METHOD net.minecraft.client.resources.SkinManager::<init>(Lnet/minecraft/client/renderer/texture/TextureManager;Ljava/io/File;Lcom/mojang/authlib/minecraft/MinecraftSessionService;)V
[2025-02-07 20:30:05] [main INFO] [CSL DEBUG] REGISTERING TRANSFORMER customskinloader.forge.transformer.SkinManagerTransformer$LoadSkinTransformer
[2025-02-07 20:30:05] [main INFO] [CSL DEBUG] REGISTERING SRG METHOD net.minecraft.client.resources.SkinManager::func_152789_a(Lcom/mojang/authlib/minecraft/MinecraftProfileTexture;Lcom/mojang/authlib/minecraft/MinecraftProfileTexture$Type;Lnet/minecraft/client/resources/SkinManager$SkinAvailableCallback;)Lnet/minecraft/util/ResourceLocation;
[2025-02-07 20:30:05] [main INFO] [CSL DEBUG] REGISTERING METHOD net.minecraft.client.resources.SkinManager::loadSkin(Lcom/mojang/authlib/minecraft/MinecraftProfileTexture;Lcom/mojang/authlib/minecraft/MinecraftProfileTexture$Type;Lnet/minecraft/client/resources/SkinManager$SkinAvailableCallback;)Lnet/minecraft/util/ResourceLocation;
[2025-02-07 20:30:05] [main INFO] [CSL DEBUG] REGISTERING TRANSFORMER customskinloader.forge.transformer.SkinManagerTransformer$LoadProfileTexturesTransformer
[2025-02-07 20:30:05] [main INFO] [CSL DEBUG] REGISTERING SRG METHOD net.minecraft.client.resources.SkinManager::func_152790_a(Lcom/mojang/authlib/GameProfile;Lnet/minecraft/client/resources/SkinManager$SkinAvailableCallback;Z)V
[2025-02-07 20:30:05] [main INFO] [CSL DEBUG] REGISTERING METHOD net.minecraft.client.resources.SkinManager::loadProfileTextures(Lcom/mojang/authlib/GameProfile;Lnet/minecraft/client/resources/SkinManager$SkinAvailableCallback;Z)V
[2025-02-07 20:30:05] [main INFO] [CSL DEBUG] REGISTERING TRANSFORMER customskinloader.forge.transformer.SkinManagerTransformer$LoadSkinFromCacheTransformer
[2025-02-07 20:30:05] [main INFO] [CSL DEBUG] REGISTERING SRG METHOD net.minecraft.client.resources.SkinManager::func_152788_a(Lcom/mojang/authlib/GameProfile;)Ljava/util/Map;
[2025-02-07 20:30:05] [main INFO] [CSL DEBUG] REGISTERING METHOD net.minecraft.client.resources.SkinManager::loadSkinFromCache(Lcom/mojang/authlib/GameProfile;)Ljava/util/Map;
[2025-02-07 20:30:05] [main INFO] [CSL DEBUG] REGISTERING TRANSFORMER customskinloader.forge.transformer.PlayerTabTransformer$ScoreObjectiveTransformer
[2025-02-07 20:30:05] [main INFO] [CSL DEBUG] REGISTERING SRG METHOD net.minecraft.client.gui.GuiPlayerTabOverlay::func_175249_a(ILnet/minecraft/scoreboard/Scoreboard;Lnet/minecraft/scoreboard/ScoreObjective;)V
[2025-02-07 20:30:05] [main INFO] [CSL DEBUG] REGISTERING METHOD net.minecraft.client.gui.GuiPlayerTabOverlay::renderPlayerlist(ILnet/minecraft/scoreboard/Scoreboard;Lnet/minecraft/scoreboard/ScoreObjective;)V
[2025-02-07 20:30:05] [main INFO] [CSL DEBUG] REGISTERING TRANSFORMER customskinloader.forge.transformer.SpectatorMenuTransformer$PlayerMenuObjectTransformer
[2025-02-07 20:30:05] [main INFO] [CSL DEBUG] REGISTERING SRG METHOD net.minecraft.client.gui.spectator.PlayerMenuObject::<init>(Lcom/mojang/authlib/GameProfile;)V
[2025-02-07 20:30:07] [main INFO] [CSL DEBUG] Successfully transformed class net.minecraft.client.Minecraft
[2025-02-07 20:30:07] [main INFO] [CSL DEBUG] Successfully transformed class net.minecraft.client.Minecraft
[2025-02-07 20:30:07] [main INFO] [CSL DEBUG] Successfully transformed class net.minecraft.client.resources.IResourceManager
[2025-02-07 20:30:07] [main INFO] [CSL DEBUG] Successfully transformed class net.minecraft.resources.IResourceManager
[2025-02-07 20:30:10] [Thread-3 INFO] [CSL DEBUG] Successfully transformed class net.minecraft.client.resources.IResource
[2025-02-07 20:30:10] [Thread-3 INFO] [CSL DEBUG] Successfully transformed class net.minecraft.resources.IResource
[2025-02-07 20:30:10] [Thread-3 INFO] [CSL DEBUG] Successfully transformed class net.minecraft.client.renderer.texture.AbstractTexture
[2025-02-07 20:30:10] [Thread-3 INFO] [CSL DEBUG] Successfully transformed class net.minecraft.client.renderer.texture.Texture
[2025-02-07 20:30:12] [Client thread INFO] [CSL DEBUG] Successfully transformed class net.minecraft.client.renderer.texture.TextureManager
[2025-02-07 20:30:12] [Client thread INFO] [CSL DEBUG] Successfully transformed method <init> in class net.minecraft.client.resources.SkinManager
[2025-02-07 20:30:12] [Client thread INFO] [CSL DEBUG] Successfully transformed method func_152789_a in class net.minecraft.client.resources.SkinManager
[2025-02-07 20:30:12] [Client thread INFO] [CSL DEBUG] Successfully transformed method func_152790_a in class net.minecraft.client.resources.SkinManager
[2025-02-07 20:30:12] [Client thread INFO] [CSL DEBUG] Successfully transformed method func_152788_a in class net.minecraft.client.resources.SkinManager
[2025-02-07 20:30:23] [Client thread INFO] [CSL DEBUG] Successfully transformed method func_175249_a in class net.minecraft.client.gui.GuiPlayerTabOverlay
[2025-02-07 20:32:11] [Client thread INFO] [CSL DEBUG] Successfully transformed class net.minecraft.client.renderer.ThreadDownloadImageData
